<component name="libraryTable">
  <library name="junit-platform-engine-1.11.3">
    <CLASSES>
      <root url="jar://$PROJECT_DIR$/src/UdemyJavaCertificatePrepTests/junit-platform-engine-1.11.3.jar!/" />
    </CLASSES>
    <JAVADOC />
    <SOURCES />
  </library>
</component>