<component name="libraryTable">
  <library name="junit-jupiter-api-5.11.3 (2)">
    <CLASSES>
      <root url="jar://$PROJECT_DIR$/src/UdemyJavaCertificatePrepTests/junit-jupiter-api-5.11.3.jar!/" />
    </CLASSES>
    <JAVADOC />
    <SOURCES />
  </library>
</component>